[Fri May 22 11:13:47 CST 2026] Starting weekly deep supplement...
[Fri May 22 11:13:47 CST 2026] Step 1: Validating JSON routing files...
  JSON valid: 7 / invalid: 0
[Fri May 22 11:13:47 CST 2026] Step 2: Verifying preferred_notes paths...
  Paths total: 144 / valid: 144 / invalid: 0
[Fri May 22 11:13:47 CST 2026] Step 3: Checking for new files in KB directories...
  03-海外投流/Facebook投流知识库: 25 new files in last 7 days
  03-海外投流/TikTok投流知识库: 8 new files in last 7 days
  03-海外投流/LinkedIn获客知识库: 4 new files in last 7 days
  02-跨境社媒获客/海外视频自然获客: 7 new files in last 7 days
  02-跨境社媒获客/国内视频号获客: 4 new files in last 7 days
  14-国内投流/巨量引擎与本地推: 8 new files in last 7 days
[Fri May 22 11:13:47 CST 2026] Step 4: Verifying entry_notes paths...
  Entry notes valid: 10 / invalid: 0
[Fri May 22 11:13:47 CST 2026] Step 5: Generating weekly summary...

========== Weekly Supplement Summary ==========
Date: 2026-05-22
Total KB documents: 180
JSON files: 7 (valid: 7, invalid: 0)
Preferred notes paths: 144 (valid: 144, invalid: 0)
Entry notes paths: valid: 10, invalid: 0
================================================
[Fri May 22 11:13:47 CST 2026] Weekly supplement completed.
